Base path: 'C:/Program Files/2019.4.18f1/Editor/Data', plugins path 'C:/Program Files/2019.4.18f1/Editor/Data/PlaybackEngines'
Cmd: initializeCompiler
Cmd: preprocess
  insize=14437 outsize=1852 ok=1
Cmd: preprocess
  insize=3784 outsize=893 ok=1
Cmd: preprocess
  insize=9117 outsize=1857 ok=1
Cmd: preprocess
  insize=11259 outsize=2322 ok=1
Cmd: preprocess
  insize=30516 outsize=3599 ok=1
Cmd: preprocess
  insize=36238 outsize=4331 ok=1
Cmd: preprocess
  insize=12563 outsize=2681 ok=1
Cmd: preprocess
  insize=7936 outsize=1265 ok=1
Cmd: preprocess
  insize=9057 outsize=1805 ok=1
Cmd: preprocess
  insize=41128 outsize=4525 ok=1
Cmd: preprocess
  insize=8205 outsize=1253 ok=1
Cmd: preprocess
  insize=24690 outsize=3355 ok=1
Cmd: preprocess
  insize=32425 outsize=4003 ok=1
Cmd: preprocess
  insize=11122 outsize=2201 ok=1
Cmd: preprocess
  insize=131 outsize=128 ok=1
Cmd: preprocess
  insize=10770 outsize=2069 ok=1
Cmd: preprocess
  insize=7175 outsize=1292 ok=1

Quitting shader compiler process
